  Main.cpp
c:\users\kostiyk\desktop\c++ works\class works\04.02.2019\04.02.2019\main.cpp(42): error C2059: syntax error: '{'
c:\users\kostiyk\desktop\c++ works\class works\04.02.2019\04.02.2019\main.cpp(42): error C2143: syntax error: missing ';' before '{'
c:\users\kostiyk\desktop\c++ works\class works\04.02.2019\04.02.2019\main.cpp(42): error C2143: syntax error: missing ';' before '}'
